Traceback (most recent call last):
  File "/home/josefine/miniconda3/envs/cb2070-test/lib/python3.12/site-packages/jupyter_core/utils/__init__.py", line 154, in wrapped
    asyncio.get_running_loop()
RuntimeError: no running event loop

During handling of the above exception, another exception occurred:

Traceback (most recent call last):
  File "/home/josefine/miniconda3/envs/cb2070-test/lib/python3.12/site-packages/jupyter_cache/executors/utils.py", line 58, in single_nb_execution
    executenb(
  File "/home/josefine/miniconda3/envs/cb2070-test/lib/python3.12/site-packages/nbclient/client.py", line 1319, in execute
    return NotebookClient(nb=nb, resources=resources, km=km, **kwargs).execute()
           ^^^^^^^^^^^^^^^^^^^^^^^^^^^^^^^^^^^^^^^^^^^^^^^^^^^^^^^^^^^^^^^^^^^^^
  File "/home/josefine/miniconda3/envs/cb2070-test/lib/python3.12/site-packages/jupyter_core/utils/__init__.py", line 158, in wrapped
    return loop.run_until_complete(inner)
           ^^^^^^^^^^^^^^^^^^^^^^^^^^^^^^
  File "/home/josefine/miniconda3/envs/cb2070-test/lib/python3.12/asyncio/base_events.py", line 691, in run_until_complete
    return future.result()
           ^^^^^^^^^^^^^^^
  File "/home/josefine/miniconda3/envs/cb2070-test/lib/python3.12/site-packages/nbclient/client.py", line 709, in async_execute
    await self.async_execute_cell(
  File "/home/josefine/miniconda3/envs/cb2070-test/lib/python3.12/site-packages/nbclient/client.py", line 1062, in async_execute_cell
    await self._check_raise_for_error(cell, cell_index, exec_reply)
  File "/home/josefine/miniconda3/envs/cb2070-test/lib/python3.12/site-packages/nbclient/client.py", line 918, in _check_raise_for_error
    raise CellExecutionError.from_cell_and_msg(cell, exec_reply_content)
nbclient.exceptions.CellExecutionError: An error occurred while executing the following cell:
------------------
print(f"Number of occupied orbitals: {nocc}")
print(f"Number of unoccupied orbitals: {nvir}")
print()
print(f"Energies of occupied MOs: {eocc}")
------------------

----- stdout -----
Number of occupied orbitals: Ellipsis
Number of unoccupied orbitals: Ellipsis
------------------

[31m---------------------------------------------------------------------------[39m
[31mNameError[39m                                 Traceback (most recent call last)
[36mCell[39m[36m [39m[32mIn[6][39m[32m, line 4[39m
[32m      2[39m [38;5;28mprint[39m([33mf[39m[33m"[39m[33mNumber of unoccupied orbitals: [39m[38;5;132;01m{[39;00mnvir[38;5;132;01m}[39;00m[33m"[39m)
[32m      3[39m [38;5;28mprint[39m()
[32m----> [39m[32m4[39m [38;5;28mprint[39m([33mf[39m[33m"[39m[33mEnergies of occupied MOs: [39m[38;5;132;01m{[39;00m[43meocc[49m[38;5;132;01m}[39;00m[33m"[39m)

[31mNameError[39m: name 'eocc' is not defined

