Traceback (most recent call last):
  File "/home/josefine/miniconda3/envs/cb2070-test/lib/python3.12/site-packages/jupyter_core/utils/__init__.py", line 154, in wrapped
    asyncio.get_running_loop()
RuntimeError: no running event loop

During handling of the above exception, another exception occurred:

Traceback (most recent call last):
  File "/home/josefine/miniconda3/envs/cb2070-test/lib/python3.12/site-packages/jupyter_cache/executors/utils.py", line 58, in single_nb_execution
    executenb(
  File "/home/josefine/miniconda3/envs/cb2070-test/lib/python3.12/site-packages/nbclient/client.py", line 1319, in execute
    return NotebookClient(nb=nb, resources=resources, km=km, **kwargs).execute()
           ^^^^^^^^^^^^^^^^^^^^^^^^^^^^^^^^^^^^^^^^^^^^^^^^^^^^^^^^^^^^^^^^^^^^^
  File "/home/josefine/miniconda3/envs/cb2070-test/lib/python3.12/site-packages/jupyter_core/utils/__init__.py", line 158, in wrapped
    return loop.run_until_complete(inner)
           ^^^^^^^^^^^^^^^^^^^^^^^^^^^^^^
  File "/home/josefine/miniconda3/envs/cb2070-test/lib/python3.12/asyncio/base_events.py", line 691, in run_until_complete
    return future.result()
           ^^^^^^^^^^^^^^^
  File "/home/josefine/miniconda3/envs/cb2070-test/lib/python3.12/site-packages/nbclient/client.py", line 709, in async_execute
    await self.async_execute_cell(
  File "/home/josefine/miniconda3/envs/cb2070-test/lib/python3.12/site-packages/nbclient/client.py", line 1062, in async_execute_cell
    await self._check_raise_for_error(cell, cell_index, exec_reply)
  File "/home/josefine/miniconda3/envs/cb2070-test/lib/python3.12/site-packages/nbclient/client.py", line 918, in _check_raise_for_error
    raise CellExecutionError.from_cell_and_msg(cell, exec_reply_content)
nbclient.exceptions.CellExecutionError: An error occurred while executing the following cell:
------------------
# energies for isolated H atom
T_e_h = ...
V_en_h = ...
V_ee_h = ...
V_nn_h = ...

print('Estimated energy of an isolated H atom: {:3.4f}'.format(h_h))
print('Estimated potential energy of an isolated H atom: {:3.4f}'.format(V_en_h))
print('Estimated kinetic energy of an isolated H atom: {:3.4f}'.format(T_e_h))
------------------

----- stdout -----
Estimated energy of an isolated H atom: -0.1630
------------------

[31m---------------------------------------------------------------------------[39m
[31mTypeError[39m                                 Traceback (most recent call last)
[36mCell[39m[36m [39m[32mIn[7][39m[32m, line 8[39m
[32m      5[39m V_nn_h = ...
[32m      7[39m [38;5;28mprint[39m([33m'[39m[33mEstimated energy of an isolated H atom: [39m[38;5;132;01m{:3.4f}[39;00m[33m'[39m.format(h_h))
[32m----> [39m[32m8[39m [38;5;28mprint[39m([33;43m'[39;49m[33;43mEstimated potential energy of an isolated H atom: [39;49m[38;5;132;43;01m{:3.4f}[39;49;00m[33;43m'[39;49m[43m.[49m[43mformat[49m[43m([49m[43mV_en_h[49m[43m)[49m)
[32m      9[39m [38;5;28mprint[39m([33m'[39m[33mEstimated kinetic energy of an isolated H atom: [39m[38;5;132;01m{:3.4f}[39;00m[33m'[39m.format(T_e_h))

[31mTypeError[39m: unsupported format string passed to ellipsis.__format__

